1663678250213	geckodriver	INFO	Listening on 127.0.0.1:50716
1663678253311	mozrunner::runner	INFO	Running command: "C:\\Program Files (x86)\\Mozilla Firefox\\firefox.exe" "--marionette" "--remote-debugging-port" "50717" "--remote-allow-hosts" "localhost" "-no-remote" "-profile" "C:\\Users\\priya\\AppData\\Local\\Temp\\rust_mozprofileaaeHny"
1663678258249	Marionette	INFO	Listening on port 50722
1663678258300	Marionette	WARN	TLS certificate errors will be ignored for this session
1663678258363	Marionette	DEBUG	[6442450945] Frame script loaded
1663678258374	Marionette	DEBUG	[6442450945] Frame script registered
1663678258451	Marionette	DEBUG	[6442450945] Received DOM event beforeunload for about:blank
1663678259147	Marionette	DEBUG	[6442450945] Received DOM event pagehide for about:blank
1663678261120	Marionette	DEBUG	[6442450945] Received DOM event DOMContentLoaded for https://api.fyers.in/api/v2/generate-authcode?client_id=8S56FEB6JI-100&redirect_uri=https://www.google.com&response_type=code&state=state&scope=&nonce=
1663678261657	Marionette	DEBUG	[6442450945] Received DOM event pageshow for https://api.fyers.in/api/v2/generate-authcode?client_id=8S56FEB6JI-100&redirect_uri=https://www.google.com&response_type=code&state=state&scope=&nonce=
JavaScript error: https://login.fyers.in/scripts/common.min.js, line 1: ReferenceError: event is not defined
console.error: BroadcastService: 
  receivedBroadcastMessage: handler for
  remote-settings/monitor_changes
  threw error:
  Message: Error: Polling for changes failed: /buckets/monitor/collections/changes/records is not a valid URL..
  Stack:
    remoteSettingsFunction/remoteSettings.pollChanges@resource://services-settings/remote-settings.js:711:13

console.error: BroadcastService: 
  receivedBroadcastMessage: handler for
  remote-settings/monitor_changes
  threw error:
  Message: Error: Polling for changes failed: /buckets/monitor/collections/changes/records is not a valid URL..
  Stack:
    remoteSettingsFunction/remoteSettings.pollChanges@resource://services-settings/remote-settings.js:711:13

[Parent 1448, Gecko_IOThread] WARNING: pipe error: 109: file z:/build/build/src/ipc/chromium/src/chrome/common/ipc_channel_win.cc, line 346
[Parent 1448, Gecko_IOThread] WARNING: pipe error: 109: file z:/build/build/src/ipc/chromium/src/chrome/common/ipc_channel_win.cc, line 346
[Child 21228, Chrome_ChildThread] WARNING: pipe error: 109: file z:/build/build/src/ipc/chromium/src/chrome/common/ipc_channel_win.cc, line 346
[Child 488, Chrome_ChildThread] WARNING: pipe error: 109: file z:/build/build/src/ipc/chromium/src/chrome/common/ipc_channel_win.cc, line 346
[Child 488, Chrome_ChildThread] WARNING: pipe error: 109: file z:/build/build/src/ipc/chromium/src/chrome/common/ipc_channel_win.cc, line 346
[Parent 1448, Gecko_IOThread] WARNING: pipe error: 109: file z:/build/build/src/ipc/chromium/src/chrome/common/ipc_channel_win.cc, line 346
1663704411332	Marionette	INFO	Stopped listening on port 50722

###!!! [Child][MessageChannel::SendAndWait] Error: Channel error: cannot send/recv

